10:05:26.579 [main] INFO  com.ing.barber.shop.api.BarberShopApiApplication - Starting BarberShopApiApplication v0.0.1-SNAPSHOT on ac981f1a2f67 with PID 1 (/home/docker/app/barber-shop-api.jar started by root in /home/docker/app)
10:05:26.589 [main] INFO  com.ing.barber.shop.api.BarberShopApiApplication - No active profile set, falling back to default profiles: default
10:05:27.310 [main] INFO  org.springframework.data.repository.config.RepositoryConfigurationDelegate - Bootstrapping Spring Data MongoDB repositories in DEFAULT mode.
10:05:27.326 [main] INFO  org.springframework.data.repository.config.RepositoryConfigurationDelegate - Finished Spring Data repository scanning in 11ms. Found 0 MongoDB repository interfaces.
10:05:27.712 [main] INFO  org.springframework.boot.web.embedded.tomcat.TomcatWebServer - Tomcat initialized with port(s): 8088 (http)
10:05:27.852 [main] INFO  org.apache.coyote.http11.Http11NioProtocol - Initializing ProtocolHandler ["http-nio-8088"]
10:05:27.853 [main] INFO  org.apache.catalina.core.StandardService - Starting service [Tomcat]
10:05:27.855 [main] INFO  org.apache.catalina.core.StandardEngine - Starting Servlet engine: [Apache Tomcat/9.0.31]
10:05:27.914 [main] INFO  org.apache.catalina.core.ContainerBase.[Tomcat].[localhost].[/] - Initializing Spring embedded WebApplicationContext
10:05:27.914 [main] INFO  org.springframework.web.context.ContextLoader - Root WebApplicationContext: initialization completed in 1234 ms
10:05:28.173 [main] INFO  org.mongodb.driver.cluster - Cluster created with settings {hosts=[mongodb:27017], mode=MULTIPLE, requiredClusterType=UNKNOWN, serverSelectionTimeout='30000 ms', maxWaitQueueSize=500}
10:05:28.173 [main] INFO  org.mongodb.driver.cluster - Adding discovered server mongodb:27017 to client view of cluster
10:05:28.247 [cluster-ClusterId{value='5f76fb6831c77c2f41c6dd8f', description='null'}-mongodb:27017] INFO  org.mongodb.driver.connection - Opened connection [connectionId{localValue:1, serverValue:2}] to mongodb:27017
10:05:28.251 [cluster-ClusterId{value='5f76fb6831c77c2f41c6dd8f', description='null'}-mongodb:27017] INFO  org.mongodb.driver.cluster - Monitor thread successfully connected to server with description ServerDescription{address=mongodb:27017, type=STANDALONE, state=CONNECTED, ok=true, version=ServerVersion{versionList=[4, 2, 5]}, minWireVersion=0, maxWireVersion=8, maxDocumentSize=16777216, logicalSessionTimeoutMinutes=30, roundTripTimeNanos=2795352}
10:05:28.253 [cluster-ClusterId{value='5f76fb6831c77c2f41c6dd8f', description='null'}-mongodb:27017] INFO  org.mongodb.driver.cluster - Discovered cluster type of STANDALONE
10:05:28.608 [main] INFO  org.springframework.scheduling.concurrent.ThreadPoolTaskExecutor - Initializing ExecutorService 'applicationTaskExecutor'
10:05:28.781 [main] INFO  org.springframework.boot.actuate.endpoint.web.EndpointLinksResolver - Exposing 2 endpoint(s) beneath base path '/actuator'
10:05:28.814 [main] INFO  org.apache.coyote.http11.Http11NioProtocol - Starting ProtocolHandler ["http-nio-8088"]
10:05:28.837 [main] INFO  org.springframework.boot.web.embedded.tomcat.TomcatWebServer - Tomcat started on port(s): 8088 (http) with context path ''
10:05:28.840 [main] INFO  com.ing.barber.shop.api.BarberShopApiApplication - Started BarberShopApiApplication in 2.524 seconds (JVM running for 3.367)
10:05:45.754 [http-nio-8088-exec-1] INFO  org.apache.catalina.core.ContainerBase.[Tomcat].[localhost].[/] - Initializing Spring DispatcherServlet 'dispatcherServlet'
10:05:45.756 [http-nio-8088-exec-1] INFO  org.springframework.web.servlet.DispatcherServlet - Initializing Servlet 'dispatcherServlet'
10:05:45.767 [http-nio-8088-exec-1] INFO  org.springframework.web.servlet.DispatcherServlet - Completed initialization in 11 ms
10:05:45.955 [http-nio-8088-exec-1] INFO  org.mongodb.driver.connection - Opened connection [connectionId{localValue:2, serverValue:4}] to mongodb:27017
